<?xml version="1.0" encoding="UTF-8"?>
<!-- Generated by org.testng.reporters.JUnitReportReporter -->
<testsuite hostname="Shilpa" failures="0" tests="1" name="test_scripts.TestScript2" time="39.383" errors="0" timestamp="2022-05-05T10:34:16 IST" skipped="0">
  <testcase classname="test_scripts.TestScript2" name="test" time="39.383"/>
  <system-out/>
</testsuite> <!-- test_scripts.TestScript2 -->
