<?xml version="1.0" encoding="UTF-8"?>
<!-- Generated by org.testng.reporters.JUnitReportReporter -->
<testsuite hostname="Shilpa" failures="0" tests="1" name="test_scripts.Test_Script" time="41.085" errors="0" timestamp="2022-05-05T20:16:04 IST" skipped="0">
  <testcase classname="test_scripts.Test_Script" name="test" time="41.085"/>
  <system-out/>
</testsuite> <!-- test_scripts.Test_Script -->
